2026-05-07 23:44:33.571 [Test worker] INFO  dev.openrune.OsrsCacheProvider - Cache loaded (revision 238)
2026-05-07 23:44:34.032 [Test worker] INFO  d.o.c.f.definition.DefinitionDecoder - 60568 ObjectDecoder definitions loaded in 449ms
2026-05-07 23:44:34.106 [Test worker] INFO  d.o.c.f.definition.DefinitionDecoder - 15672 NPCDecoder definitions loaded in 72ms
2026-05-07 23:44:34.299 [Test worker] INFO  d.o.c.f.definition.DefinitionDecoder - 33300 ItemDecoder definitions loaded in 189ms
2026-05-07 23:44:34.338 [Test worker] INFO  d.o.c.f.definition.DefinitionDecoder - 18573 VarBitDecoder definitions loaded in 39ms
2026-05-07 23:44:34.344 [Test worker] INFO  d.o.c.f.definition.DefinitionDecoder - 5546 VarDecoder definitions loaded in 4ms
2026-05-07 23:44:34.402 [Test worker] INFO  d.o.c.f.definition.DefinitionDecoder - 13864 SequenceDecoder definitions loaded in 53ms
2026-05-07 23:44:34.439 [Test worker] INFO  d.o.c.f.definition.DefinitionDecoder - 5850 EnumDecoder definitions loaded in 36ms
2026-05-07 23:44:34.447 [Test worker] INFO  d.o.c.f.definition.DefinitionDecoder - 83 HealthBarDecoder definitions loaded in 3ms
2026-05-07 23:44:34.452 [Test worker] INFO  d.o.c.f.definition.DefinitionDecoder - 82 HitSplatDecoder definitions loaded in 3ms
2026-05-07 23:44:34.462 [Test worker] INFO  d.o.c.f.definition.DefinitionDecoder - 3969 StructDecoder definitions loaded in 9ms
2026-05-07 23:44:34.694 [Test worker] INFO  d.o.c.f.definition.DefinitionDecoder - 16114 DBRowDecoder definitions loaded in 231ms
2026-05-07 23:44:34.697 [Test worker] INFO  d.o.c.f.definition.DefinitionDecoder - 228 DBTableDecoder definitions loaded in 2ms
2026-05-07 23:44:36.844 [Test worker] INFO  dev.openrune.OsrsCacheProvider - Cache loaded (revision 238)
2026-05-07 23:44:37.181 [Test worker] INFO  d.o.c.f.definition.DefinitionDecoder - 60568 ObjectDecoder definitions loaded in 337ms
2026-05-07 23:44:37.246 [Test worker] INFO  d.o.c.f.definition.DefinitionDecoder - 15672 NPCDecoder definitions loaded in 65ms
2026-05-07 23:44:37.391 [Test worker] INFO  d.o.c.f.definition.DefinitionDecoder - 33300 ItemDecoder definitions loaded in 145ms
2026-05-07 23:44:37.422 [Test worker] INFO  d.o.c.f.definition.DefinitionDecoder - 18573 VarBitDecoder definitions loaded in 31ms
2026-05-07 23:44:37.427 [Test worker] INFO  d.o.c.f.definition.DefinitionDecoder - 5546 VarDecoder definitions loaded in 5ms
2026-05-07 23:44:37.473 [Test worker] INFO  d.o.c.f.definition.DefinitionDecoder - 13864 SequenceDecoder definitions loaded in 46ms
2026-05-07 23:44:37.497 [Test worker] INFO  d.o.c.f.definition.DefinitionDecoder - 5850 EnumDecoder definitions loaded in 24ms
2026-05-07 23:44:37.497 [Test worker] INFO  d.o.c.f.definition.DefinitionDecoder - 83 HealthBarDecoder definitions loaded in 0ms
2026-05-07 23:44:37.497 [Test worker] INFO  d.o.c.f.definition.DefinitionDecoder - 82 HitSplatDecoder definitions loaded in 0ms
2026-05-07 23:44:37.505 [Test worker] INFO  d.o.c.f.definition.DefinitionDecoder - 3969 StructDecoder definitions loaded in 7ms
2026-05-07 23:44:37.649 [Test worker] INFO  d.o.c.f.definition.DefinitionDecoder - 16114 DBRowDecoder definitions loaded in 144ms
2026-05-07 23:44:37.652 [Test worker] INFO  d.o.c.f.definition.DefinitionDecoder - 228 DBTableDecoder definitions loaded in 3ms
2026-05-07 23:44:39.292 [Test worker] INFO  dev.openrune.OsrsCacheProvider - Cache loaded (revision 238)
2026-05-07 23:44:39.609 [Test worker] INFO  d.o.c.f.definition.DefinitionDecoder - 60568 ObjectDecoder definitions loaded in 317ms
2026-05-07 23:44:39.653 [Test worker] INFO  d.o.c.f.definition.DefinitionDecoder - 15672 NPCDecoder definitions loaded in 43ms
2026-05-07 23:44:39.773 [Test worker] INFO  d.o.c.f.definition.DefinitionDecoder - 33300 ItemDecoder definitions loaded in 119ms
2026-05-07 23:44:39.802 [Test worker] INFO  d.o.c.f.definition.DefinitionDecoder - 18573 VarBitDecoder definitions loaded in 28ms
2026-05-07 23:44:39.805 [Test worker] INFO  d.o.c.f.definition.DefinitionDecoder - 5546 VarDecoder definitions loaded in 3ms
2026-05-07 23:44:39.832 [Test worker] INFO  d.o.c.f.definition.DefinitionDecoder - 13864 SequenceDecoder definitions loaded in 27ms
2026-05-07 23:44:39.853 [Test worker] INFO  d.o.c.f.definition.DefinitionDecoder - 5850 EnumDecoder definitions loaded in 21ms
2026-05-07 23:44:39.854 [Test worker] INFO  d.o.c.f.definition.DefinitionDecoder - 83 HealthBarDecoder definitions loaded in 0ms
2026-05-07 23:44:39.854 [Test worker] INFO  d.o.c.f.definition.DefinitionDecoder - 82 HitSplatDecoder definitions loaded in 0ms
2026-05-07 23:44:39.862 [Test worker] INFO  d.o.c.f.definition.DefinitionDecoder - 3969 StructDecoder definitions loaded in 8ms
2026-05-07 23:44:40.003 [Test worker] INFO  d.o.c.f.definition.DefinitionDecoder - 16114 DBRowDecoder definitions loaded in 141ms
2026-05-07 23:44:40.006 [Test worker] INFO  d.o.c.f.definition.DefinitionDecoder - 228 DBTableDecoder definitions loaded in 3ms
2026-05-07 23:44:41.599 [Test worker] INFO  dev.openrune.OsrsCacheProvider - Cache loaded (revision 238)
2026-05-07 23:44:41.891 [Test worker] INFO  d.o.c.f.definition.DefinitionDecoder - 60568 ObjectDecoder definitions loaded in 292ms
2026-05-07 23:44:41.925 [Test worker] INFO  d.o.c.f.definition.DefinitionDecoder - 15672 NPCDecoder definitions loaded in 34ms
2026-05-07 23:44:42.045 [Test worker] INFO  d.o.c.f.definition.DefinitionDecoder - 33300 ItemDecoder definitions loaded in 120ms
2026-05-07 23:44:42.071 [Test worker] INFO  d.o.c.f.definition.DefinitionDecoder - 18573 VarBitDecoder definitions loaded in 26ms
2026-05-07 23:44:42.074 [Test worker] INFO  d.o.c.f.definition.DefinitionDecoder - 5546 VarDecoder definitions loaded in 3ms
2026-05-07 23:44:42.101 [Test worker] INFO  d.o.c.f.definition.DefinitionDecoder - 13864 SequenceDecoder definitions loaded in 27ms
2026-05-07 23:44:42.123 [Test worker] INFO  d.o.c.f.definition.DefinitionDecoder - 5850 EnumDecoder definitions loaded in 22ms
2026-05-07 23:44:42.124 [Test worker] INFO  d.o.c.f.definition.DefinitionDecoder - 83 HealthBarDecoder definitions loaded in 0ms
2026-05-07 23:44:42.124 [Test worker] INFO  d.o.c.f.definition.DefinitionDecoder - 82 HitSplatDecoder definitions loaded in 0ms
2026-05-07 23:44:42.133 [Test worker] INFO  d.o.c.f.definition.DefinitionDecoder - 3969 StructDecoder definitions loaded in 9ms
2026-05-07 23:44:42.267 [Test worker] INFO  d.o.c.f.definition.DefinitionDecoder - 16114 DBRowDecoder definitions loaded in 134ms
2026-05-07 23:44:42.269 [Test worker] INFO  d.o.c.f.definition.DefinitionDecoder - 228 DBTableDecoder definitions loaded in 2ms
2026-05-07 23:44:43.601 [Test worker] INFO  dev.openrune.OsrsCacheProvider - Cache loaded (revision 238)
2026-05-07 23:44:43.891 [Test worker] INFO  d.o.c.f.definition.DefinitionDecoder - 60568 ObjectDecoder definitions loaded in 289ms
2026-05-07 23:44:43.924 [Test worker] INFO  d.o.c.f.definition.DefinitionDecoder - 15672 NPCDecoder definitions loaded in 32ms
2026-05-07 23:44:44.047 [Test worker] INFO  d.o.c.f.definition.DefinitionDecoder - 33300 ItemDecoder definitions loaded in 123ms
2026-05-07 23:44:44.073 [Test worker] INFO  d.o.c.f.definition.DefinitionDecoder - 18573 VarBitDecoder definitions loaded in 26ms
2026-05-07 23:44:44.076 [Test worker] INFO  d.o.c.f.definition.DefinitionDecoder - 5546 VarDecoder definitions loaded in 2ms
2026-05-07 23:44:44.106 [Test worker] INFO  d.o.c.f.definition.DefinitionDecoder - 13864 SequenceDecoder definitions loaded in 29ms
2026-05-07 23:44:44.128 [Test worker] INFO  d.o.c.f.definition.DefinitionDecoder - 5850 EnumDecoder definitions loaded in 22ms
2026-05-07 23:44:44.128 [Test worker] INFO  d.o.c.f.definition.DefinitionDecoder - 83 HealthBarDecoder definitions loaded in 0ms
2026-05-07 23:44:44.128 [Test worker] INFO  d.o.c.f.definition.DefinitionDecoder - 82 HitSplatDecoder definitions loaded in 0ms
2026-05-07 23:44:44.137 [Test worker] INFO  d.o.c.f.definition.DefinitionDecoder - 3969 StructDecoder definitions loaded in 8ms
2026-05-07 23:44:44.266 [Test worker] INFO  d.o.c.f.definition.DefinitionDecoder - 16114 DBRowDecoder definitions loaded in 129ms
2026-05-07 23:44:44.267 [Test worker] INFO  d.o.c.f.definition.DefinitionDecoder - 228 DBTableDecoder definitions loaded in 1ms
2026-05-07 23:44:45.549 [Test worker] INFO  dev.openrune.OsrsCacheProvider - Cache loaded (revision 238)
2026-05-07 23:44:45.835 [Test worker] INFO  d.o.c.f.definition.DefinitionDecoder - 60568 ObjectDecoder definitions loaded in 285ms
2026-05-07 23:44:45.866 [Test worker] INFO  d.o.c.f.definition.DefinitionDecoder - 15672 NPCDecoder definitions loaded in 31ms
2026-05-07 23:44:45.996 [Test worker] INFO  d.o.c.f.definition.DefinitionDecoder - 33300 ItemDecoder definitions loaded in 130ms
2026-05-07 23:44:46.025 [Test worker] INFO  d.o.c.f.definition.DefinitionDecoder - 18573 VarBitDecoder definitions loaded in 29ms
2026-05-07 23:44:46.027 [Test worker] INFO  d.o.c.f.definition.DefinitionDecoder - 5546 VarDecoder definitions loaded in 2ms
2026-05-07 23:44:46.057 [Test worker] INFO  d.o.c.f.definition.DefinitionDecoder - 13864 SequenceDecoder definitions loaded in 30ms
2026-05-07 23:44:46.086 [Test worker] INFO  d.o.c.f.definition.DefinitionDecoder - 5850 EnumDecoder definitions loaded in 28ms
2026-05-07 23:44:46.087 [Test worker] INFO  d.o.c.f.definition.DefinitionDecoder - 83 HealthBarDecoder definitions loaded in 0ms
2026-05-07 23:44:46.087 [Test worker] INFO  d.o.c.f.definition.DefinitionDecoder - 82 HitSplatDecoder definitions loaded in 0ms
2026-05-07 23:44:46.097 [Test worker] INFO  d.o.c.f.definition.DefinitionDecoder - 3969 StructDecoder definitions loaded in 10ms
2026-05-07 23:44:46.244 [Test worker] INFO  d.o.c.f.definition.DefinitionDecoder - 16114 DBRowDecoder definitions loaded in 147ms
2026-05-07 23:44:46.245 [Test worker] INFO  d.o.c.f.definition.DefinitionDecoder - 228 DBTableDecoder definitions loaded in 1ms
2026-05-07 23:44:47.745 [Test worker] INFO  dev.openrune.OsrsCacheProvider - Cache loaded (revision 238)
2026-05-07 23:44:48.038 [Test worker] INFO  d.o.c.f.definition.DefinitionDecoder - 60568 ObjectDecoder definitions loaded in 293ms
2026-05-07 23:44:48.079 [Test worker] INFO  d.o.c.f.definition.DefinitionDecoder - 15672 NPCDecoder definitions loaded in 41ms
2026-05-07 23:44:48.198 [Test worker] INFO  d.o.c.f.definition.DefinitionDecoder - 33300 ItemDecoder definitions loaded in 119ms
2026-05-07 23:44:48.225 [Test worker] INFO  d.o.c.f.definition.DefinitionDecoder - 18573 VarBitDecoder definitions loaded in 26ms
2026-05-07 23:44:48.229 [Test worker] INFO  d.o.c.f.definition.DefinitionDecoder - 5546 VarDecoder definitions loaded in 3ms
2026-05-07 23:44:48.263 [Test worker] INFO  d.o.c.f.definition.DefinitionDecoder - 13864 SequenceDecoder definitions loaded in 34ms
2026-05-07 23:44:48.285 [Test worker] INFO  d.o.c.f.definition.DefinitionDecoder - 5850 EnumDecoder definitions loaded in 22ms
2026-05-07 23:44:48.285 [Test worker] INFO  d.o.c.f.definition.DefinitionDecoder - 83 HealthBarDecoder definitions loaded in 0ms
2026-05-07 23:44:48.286 [Test worker] INFO  d.o.c.f.definition.DefinitionDecoder - 82 HitSplatDecoder definitions loaded in 1ms
2026-05-07 23:44:48.293 [Test worker] INFO  d.o.c.f.definition.DefinitionDecoder - 3969 StructDecoder definitions loaded in 7ms
2026-05-07 23:44:48.433 [Test worker] INFO  d.o.c.f.definition.DefinitionDecoder - 16114 DBRowDecoder definitions loaded in 140ms
2026-05-07 23:44:48.436 [Test worker] INFO  d.o.c.f.definition.DefinitionDecoder - 228 DBTableDecoder definitions loaded in 2ms
2026-05-07 23:44:49.899 [Test worker] INFO  dev.openrune.OsrsCacheProvider - Cache loaded (revision 238)
2026-05-07 23:44:50.210 [Test worker] INFO  d.o.c.f.definition.DefinitionDecoder - 60568 ObjectDecoder definitions loaded in 310ms
2026-05-07 23:44:50.253 [Test worker] INFO  d.o.c.f.definition.DefinitionDecoder - 15672 NPCDecoder definitions loaded in 43ms
2026-05-07 23:44:50.370 [Test worker] INFO  d.o.c.f.definition.DefinitionDecoder - 33300 ItemDecoder definitions loaded in 117ms
2026-05-07 23:44:50.398 [Test worker] INFO  d.o.c.f.definition.DefinitionDecoder - 18573 VarBitDecoder definitions loaded in 28ms
2026-05-07 23:44:50.400 [Test worker] INFO  d.o.c.f.definition.DefinitionDecoder - 5546 VarDecoder definitions loaded in 2ms
2026-05-07 23:44:50.425 [Test worker] INFO  d.o.c.f.definition.DefinitionDecoder - 13864 SequenceDecoder definitions loaded in 25ms
2026-05-07 23:44:50.446 [Test worker] INFO  d.o.c.f.definition.DefinitionDecoder - 5850 EnumDecoder definitions loaded in 20ms
2026-05-07 23:44:50.446 [Test worker] INFO  d.o.c.f.definition.DefinitionDecoder - 83 HealthBarDecoder definitions loaded in 0ms
2026-05-07 23:44:50.446 [Test worker] INFO  d.o.c.f.definition.DefinitionDecoder - 82 HitSplatDecoder definitions loaded in 0ms
2026-05-07 23:44:50.453 [Test worker] INFO  d.o.c.f.definition.DefinitionDecoder - 3969 StructDecoder definitions loaded in 7ms
2026-05-07 23:44:50.605 [Test worker] INFO  d.o.c.f.definition.DefinitionDecoder - 16114 DBRowDecoder definitions loaded in 152ms
2026-05-07 23:44:50.608 [Test worker] INFO  d.o.c.f.definition.DefinitionDecoder - 228 DBTableDecoder definitions loaded in 3ms
2026-05-07 23:44:51.980 [Test worker] INFO  dev.openrune.OsrsCacheProvider - Cache loaded (revision 238)
2026-05-07 23:44:52.307 [Test worker] INFO  d.o.c.f.definition.DefinitionDecoder - 60568 ObjectDecoder definitions loaded in 327ms
2026-05-07 23:44:52.348 [Test worker] INFO  d.o.c.f.definition.DefinitionDecoder - 15672 NPCDecoder definitions loaded in 41ms
2026-05-07 23:44:52.468 [Test worker] INFO  d.o.c.f.definition.DefinitionDecoder - 33300 ItemDecoder definitions loaded in 119ms
2026-05-07 23:44:52.495 [Test worker] INFO  d.o.c.f.definition.DefinitionDecoder - 18573 VarBitDecoder definitions loaded in 27ms
2026-05-07 23:44:52.500 [Test worker] INFO  d.o.c.f.definition.DefinitionDecoder - 5546 VarDecoder definitions loaded in 4ms
2026-05-07 23:44:52.524 [Test worker] INFO  d.o.c.f.definition.DefinitionDecoder - 13864 SequenceDecoder definitions loaded in 24ms
2026-05-07 23:44:52.545 [Test worker] INFO  d.o.c.f.definition.DefinitionDecoder - 5850 EnumDecoder definitions loaded in 20ms
2026-05-07 23:44:52.546 [Test worker] INFO  d.o.c.f.definition.DefinitionDecoder - 83 HealthBarDecoder definitions loaded in 0ms
2026-05-07 23:44:52.546 [Test worker] INFO  d.o.c.f.definition.DefinitionDecoder - 82 HitSplatDecoder definitions loaded in 0ms
2026-05-07 23:44:52.553 [Test worker] INFO  d.o.c.f.definition.DefinitionDecoder - 3969 StructDecoder definitions loaded in 7ms
2026-05-07 23:44:52.696 [Test worker] INFO  d.o.c.f.definition.DefinitionDecoder - 16114 DBRowDecoder definitions loaded in 143ms
2026-05-07 23:44:52.698 [Test worker] INFO  d.o.c.f.definition.DefinitionDecoder - 228 DBTableDecoder definitions loaded in 2ms
